{"message":"EventsService.getAllevents is not a function","level":"error"}
{"message":"EventsService.getAllEvents is not a function","level":"error"}
{"message":"Unexpected string in JSON at position 195","level":"error"}
{"message":"EventsService.getAllEvents is not a function","level":"error"}
{"message":"res.status(...).address is not a function","level":"error"}
{"message":"res.status(...).address is not a function","level":"error"}
{"message":"EventsService.insertEvent is not a function","level":"error"}
{"message":"Cannot read property 'id' of undefined","level":"error"}
{"message":"Cannot read property 'id' of undefined","level":"error"}
{"message":"Cannot read property 'id' of undefined","level":"error"}
{"message":"Cannot read property 'id' of undefined","level":"error"}
{"message":"Cannot read property 'id' of undefined","level":"error"}
{"message":"Cannot read property 'id' of undefined","level":"error"}
{"message":"Cannot read property 'id' of undefined","level":"error"}
{"message":"Cannot read property 'id' of undefined","level":"error"}
{"message":"Cannot read property 'id' of undefined","level":"error"}
{"message":"Cannot read property 'id' of undefined","level":"error"}
{"message":"Cannot read property 'id' of undefined","level":"error"}
{"message":"Cannot read property 'id' of undefined","level":"error"}
{"message":"Cannot read property 'event' of undefined","level":"error"}
{"message":"Cannot read property 'event' of undefined","level":"error"}
{"message":"Cannot read property 'id' of undefined","level":"error"}
{"message":"Cannot set headers after they are sent to the client","level":"error"}
{"message":"Cannot read property 'id' of undefined","level":"error"}
{"message":"Cannot read property 'id' of undefined","level":"error"}
{"message":"serializeEvent is not defined","level":"error"}
{"message":"Cannot read property 'id' of undefined","level":"error"}
{"message":"Cannot set headers after they are sent to the client","level":"error"}
{"message":"UsersService.updateEvent is not a function","level":"error"}
{"message":"eventId is not defined","level":"error"}
{"message":"update \"events\" set \"fullname\" = $1 where \"id\" = $2 - column \"fullname\" of relation \"events\" does not exist","level":"error"}
{"message":"select * from \"blogful_users\" where \"user_name\" = $1 limit $2 - relation \"blogful_users\" does not exist","level":"error"}
{"message":"select * from \"blogful_users\" where \"user_name\" = $1 limit $2 - relation \"blogful_users\" does not exist","level":"error"}
{"message":"select * from \"blogful_users\" where \"user_name\" = $1 limit $2 - relation \"blogful_users\" does not exist","level":"error"}
{"message":"select * from \"blogful_users\" where \"user_name\" = $1 limit $2 - relation \"blogful_users\" does not exist","level":"error"}
{"message":"secretOrPrivateKey must have a value","level":"error"}
{"message":"insert into \"events\" (\"address\", \"author\", \"description\", \"parent_name\", \"time_of_event\", \"title\", \"type\") values ($1, $2, $3, $4, $5, $6, $7) returning * - invalid input syntax for integer: \"\"","level":"error"}
{"message":"select * from \"events\" where \"id\" = $1 limit $2 - invalid input syntax for integer: \"null\"","level":"error"}
{"message":"select * from \"events\" where \"id\" = $1 limit $2 - invalid input syntax for integer: \"null\"","level":"error"}
{"message":"events is not defined","level":"error"}
{"message":"event.map is not a function","level":"error"}
{"message":"The \"chunk\" argument must be of type string or an instance of Buffer. Received an instance of Object","level":"error"}
